<?xml version="1.0" encoding="UTF-8"?>
<testng-results ignored="0" total="1" passed="1" failed="0" skipped="0">
  <reporter-output>
  </reporter-output>
  <suite started-at="2026-04-28T23:30:20 IST" name="Default suite" finished-at="2026-04-28T23:30:26 IST" duration-ms="6369">
    <groups>
    </groups>
    <test started-at="2026-04-28T23:30:20 IST" name="Default test" finished-at="2026-04-28T23:30:26 IST" duration-ms="6369">
      <class name="pageobjectmodeldemo.LoginPageTest">
        <test-method is-config="true" signature="seup()[pri:0, instance:pageobjectmodeldemo.LoginPageTest@77c2494c]" started-at="2026-04-28T23:30:20 IST" name="seup" finished-at="2026-04-28T23:30:25 IST" duration-ms="5140" status="PASS">
          <reporter-output>
          </reporter-output>
        </test-method> <!-- seup -->
        <test-method signature="loginTest()[pri:0, instance:pageobjectmodeldemo.LoginPageTest@77c2494c]" started-at="2026-04-28T23:30:25 IST" name="loginTest" finished-at="2026-04-28T23:30:25 IST" duration-ms="401" status="PASS">
          <reporter-output>
          </reporter-output>
        </test-method> <!-- loginTest -->
        <test-method is-config="true" signature="tearDown()[pri:0, instance:pageobjectmodeldemo.LoginPageTest@77c2494c]" started-at="2026-04-28T23:30:25 IST" name="tearDown" finished-at="2026-04-28T23:30:26 IST" duration-ms="781" status="PASS">
          <reporter-output>
          </reporter-output>
        </test-method> <!-- tearDown -->
      </class> <!-- pageobjectmodeldemo.LoginPageTest -->
    </test> <!-- Default test -->
  </suite> <!-- Default suite -->
</testng-results>
